{
  "RSpec": {
    "coverage": {
      "/Users/joshpfosi/jobs-tuftsdaily/app/models/user.rb": [
        1,
        null,
        null,
        1,
        null,
        null
      ],
      "/Users/joshpfosi/jobs-tuftsdaily/app/controllers/daily_members_controller.rb": [
        1,
        1,
        1,
        null,
        1,
        null,
        null,
        1,
        2,
        2,
        null,
        null,
        null,
        1,
        2,
        null,
        null,
        null,
        1,
        5,
        5,
        5,
        null,
        null,
        null,
        1,
        4,
        4,
        null,
        null,
        null,
        1,
        1,
        1,
        null,
        null,
        1,
        1,
        7,
        null,
        null,
        1,
        9,
        null,
        null
      ],
      "/Users/joshpfosi/jobs-tuftsdaily/app/controllers/application_controller.rb": [
        1,
        null,
        null,
        1,
        null
      ],
      "/Users/joshpfosi/jobs-tuftsdaily/app/controllers/jobs_controller.rb": [
        1,
        1,
        1,
        null,
        1,
        null,
        null,
        1,
        2,
        null,
        null,
        null,
        1,
        2,
        null,
        null,
        null,
        1,
        5,
        5,
        5,
        null,
        null,
        null,
        1,
        4,
        4,
        null,
        null,
        1,
        1,
        1,
        null,
        null,
        1,
        1,
        7,
        null,
        null,
        null,
        1,
        9,
        null,
        null
      ],
      "/Users/joshpfosi/jobs-tuftsdaily/app/controllers/mail_job_controller.rb": [
        1,
        1,
        null,
        1,
        0,
        0,
        0,
        null,
        0,
        null,
        0,
        null,
        0,
        0,
        null,
        0,
        null,
        0,
        null,
        null
      ],
      "/Users/joshpfosi/jobs-tuftsdaily/app/controllers/projects_controller.rb": [
        1,
        1,
        1,
        null,
        1,
        null,
        null,
        1,
        2,
        null,
        2,
        null,
        null,
        null,
        1,
        2,
        null,
        null,
        null,
        1,
        2,
        2,
        2,
        null,
        null,
        null,
        1,
        1,
        1,
        null,
        null,
        null,
        1,
        1,
        1,
        null,
        null,
        1,
        null,
        1,
        4,
        null,
        null,
        null,
        1,
        3,
        null,
        null
      ],
      "/Users/joshpfosi/jobs-tuftsdaily/app/mailers/auto_mailer.rb": [
        1,
        1,
        null,
        1,
        1,
        1,
        1,
        1,
        1,
        1,
        1,
        1,
        1,
        1,
        1,
        1,
        null,
        null,
        1,
        1,
        1,
        1,
        1,
        1,
        1,
        1,
        1,
        1,
        1,
        1,
        null,
        null,
        1,
        1,
        1,
        1,
        1,
        null,
        null,
        1,
        1,
        1,
        1,
        1,
        null,
        null
      ],
      "/Users/joshpfosi/jobs-tuftsdaily/app/models/daily_member.rb": [
        1,
        1,
        1,
        1,
        1,
        null,
        1,
        null
      ],
      "/Users/joshpfosi/jobs-tuftsdaily/app/models/job.rb": [
        1,
        1,
        1,
        1,
        null,
        null,
        1,
        null,
        1,
        111,
        111,
        null,
        null,
        1,
        null,
        4,
        3,
        4,
        null,
        1,
        6,
        null,
        6,
        6,
        6,
        null,
        6,
        null,
        null,
        null
      ],
      "/Users/joshpfosi/jobs-tuftsdaily/app/models/project.rb": [
        1,
        null
      ],
      "/Users/joshpfosi/jobs-tuftsdaily/app/serializers/daily_member_serializer.rb": [
        1,
        1,
        1,
        null
      ],
      "/Users/joshpfosi/jobs-tuftsdaily/app/serializers/job_serializer.rb": [
        1,
        1,
        null
      ],
      "/Users/joshpfosi/jobs-tuftsdaily/app/serializers/project_serializer.rb": [
        1,
        1,
        null
      ]
    },
    "timestamp": 1420678712
  }
}
